TN:
SF:config\database.js
FN:11,(anonymous_0)
FN:15,(anonymous_1)
FNF:2
FNH:0
FNDA:0,(anonymous_0)
FNDA:0,(anonymous_1)
DA:1,0
DA:2,0
DA:5,0
DA:11,0
DA:12,0
DA:15,0
DA:16,0
DA:19,0
LF:8
LH:0
BRDA:7,0,0,0
BRDA:7,0,1,0
BRF:2
BRH:0
end_of_record
TN:
SF:controllers\todoController.js
FN:5,(anonymous_0)
FN:24,(anonymous_1)
FN:51,(anonymous_2)
FN:86,(anonymous_3)
FN:131,(anonymous_4)
FN:160,(anonymous_5)
FNF:6
FNH:6
FNDA:5,(anonymous_0)
FNDA:2,(anonymous_1)
FNDA:6,(anonymous_2)
FNDA:5,(anonymous_3)
FNDA:4,(anonymous_4)
FNDA:4,(anonymous_5)
DA:1,2
DA:6,5
DA:7,5
DA:8,3
DA:14,2
DA:15,2
DA:25,2
DA:26,2
DA:27,2
DA:29,2
DA:30,1
DA:36,1
DA:41,0
DA:42,0
DA:52,6
DA:53,6
DA:55,6
DA:56,2
DA:62,4
DA:67,4
DA:68,4
DA:70,3
DA:76,1
DA:77,1
DA:87,5
DA:88,5
DA:89,5
DA:92,5
DA:93,5
DA:95,4
DA:96,2
DA:102,2
DA:112,2
DA:113,2
DA:115,2
DA:121,1
DA:122,1
DA:132,4
DA:133,4
DA:135,4
DA:137,4
DA:138,2
DA:144,2
DA:150,0
DA:151,0
DA:161,4
DA:162,4
DA:163,4
DA:165,4
DA:170,4
DA:177,0
DA:178,0
DA:187,2
LF:53
LH:47
BRDA:29,0,0,1
BRDA:29,0,1,1
BRDA:53,1,0,4
BRDA:55,2,0,2
BRDA:55,2,1,4
BRDA:95,3,0,2
BRDA:95,3,1,2
BRDA:137,4,0,2
BRDA:137,4,1,2
BRF:9
BRH:9
end_of_record
TN:
SF:routes\todoRoutes.js
FNF:0
FNH:0
DA:1,1
DA:2,1
DA:4,1
DA:7,1
DA:8,1
DA:9,1
DA:10,1
DA:11,1
DA:12,1
DA:14,1
LF:10
LH:10
BRF:0
BRH:0
end_of_record
TN:
SF:scripts\init-db.js
FN:4,(anonymous_0)
FNF:1
FNH:0
FNDA:0,(anonymous_0)
DA:1,0
DA:4,0
DA:5,0
DA:7,0
DA:19,0
DA:20,0
DA:22,0
DA:23,0
DA:27,0
LF:9
LH:0
BRF:0
BRH:0
end_of_record
TN:
SF:scripts\setup-test-db.js
FN:4,setupTestDatabase
FNF:1
FNH:0
FNDA:0,setupTestDatabase
DA:1,0
DA:2,0
DA:5,0
DA:8,0
DA:10,0
DA:15,0
DA:16,0
DA:17,0
DA:20,0
DA:21,0
DA:22,0
DA:28,0
DA:29,0
DA:31,0
DA:34,0
DA:39,0
DA:40,0
DA:43,0
DA:55,0
DA:56,0
DA:58,0
DA:59,0
DA:62,0
DA:63,0
DA:67,0
DA:68,0
DA:71,0
LF:27
LH:0
BRDA:67,0,0,0
BRDA:67,0,1,0
BRF:2
BRH:0
end_of_record
